2024-12-05 12:08:30,769 - INFO - hi
2024-12-05 12:08:35,174 - INFO - ====== 1 DATA INSERTED ====== {'URL': 'https://timesofindia.indiatimes.com/sports/cricket/news/broadcaster-note-conveys-clarity-in-numbers-as-icc-members-mull-champions-trophy-fate/articleshow/115994516.cms', 'Title': 'No Title'}
2024-12-05 12:08:35,179 - INFO - ====== 2 DATA INSERTED ====== {'URL': 'https://timesofindia.indiatimes.com/sports/cricket/india-in-australia/play-your-best-spinner-wasim-jaffers-advice-to-team-india-ahead-of-pink-ball-adelaide-test/articleshow/115995329.cms', 'Title': 'No Title'}
2024-12-05 12:08:35,199 - INFO - ====== 3 DATA INSERTED ====== {'URL': 'https://timesofindia.indiatimes.com/sports/cricket/india-in-australia/pat-cummins-targets-border-gavaskar-trophy-as-one-last-thing-to-tick-off/articleshow/115994675.cms', 'Title': 'No Title'}
2024-12-05 12:08:35,210 - INFO - ====== 4 DATA INSERTED ====== {'URL': 'https://timesofindia.indiatimes.com/sports/cricket/india-in-australia/border-gavaskar-trophy-scott-boland-named-in-australia-xi-for-second-test-vs-india/articleshow/115991412.cms', 'Title': 'No Title'}
2024-12-05 12:08:35,226 - INFO - ====== 5 DATA INSERTED ====== {'URL': 'https://timesofindia.indiatimes.com/sports/cricket/news/baroda-make-history-smash-the-highest-ever-total-in-t20-cricket/articleshow/115993573.cms', 'Title': 'No Title'}
2024-12-05 12:08:35,238 - INFO - ====== 6 DATA INSERTED ====== {'URL': 'https://timesofindia.indiatimes.com/sports/cricket/india-women-vs-australia-women-live-score-today-ind-w-vs-aus-w-1st-odi-scorecard-updates/liveblog/115992136.cms', 'Title': 'No Title'}
2024-12-05 12:08:35,249 - INFO - ====== 7 DATA INSERTED ====== {'URL': 'https://timesofindia.indiatimes.com/sports/cricket/india-in-australia/watch-adam-gilchrist-hails-yashasvi-jaiswal-compares-him-to-virat-kohli/articleshow/115994347.cms', 'Title': 'No Title'}
2024-12-05 12:08:35,260 - INFO - ====== 8 DATA INSERTED ====== {'URL': 'https://timesofindia.indiatimes.com/sports/cricket/india-in-australia/play-your-best-spinner-wasim-jaffers-advice-to-team-india-ahead-of-pink-ball-adelaide-test/articleshow/115995329.cms', 'Title': 'No Title'}
2024-12-05 12:08:35,270 - INFO - ====== 9 DATA INSERTED ====== {'URL': 'https://timesofindia.indiatimes.com/sports/cricket/news/baroda-make-history-smash-the-highest-ever-total-in-t20-cricket/articleshow/115993573.cms', 'Title': 'Baroda make history, smash the highest ever total in T20 cricket'}
2024-12-05 12:08:35,286 - INFO - ====== 10 DATA INSERTED ====== {'URL': 'https://timesofindia.indiatimes.com/sports/cricket/news/bccis-hunt-for-jay-shahs-successor-hits-roadblock/articleshow/115993566.cms', 'Title': "BCCI's hunt for Jay Shah's successor hits roadblock"}
2024-12-05 12:08:35,301 - INFO - ====== 11 DATA INSERTED ====== {'URL': 'https://timesofindia.indiatimes.com/sports/cricket/india-in-australia/yashasvi-jaiswalyou-are-a-legend-but-yashasvi-jaiswal-strikes-again-targets-another-australian-bowling-icon/articleshow/115991130.cms', 'Title': "'You are a legend, but...': Yashasvi Jaiswal strikes again, targets another Australian bowling icon"}
2024-12-05 12:08:35,310 - INFO - ====== 12 DATA INSERTED ====== {'URL': 'https://timesofindia.indiatimes.com/sports/cricket/india-in-australia/who-cares-travis-head-brushes-off-sunil-gavaskars-comments-on-josh-hazlewood-injury-as-funny/articleshow/115991413.cms', 'Title': "'Who cares?': Travis Head brushes off Sunil Gavaskar's comments on Josh Hazlewood injury as 'funny'"}
2024-12-05 12:08:35,324 - INFO - ====== 13 DATA INSERTED ====== {'URL': 'https://timesofindia.indiatimes.com/sports/cricket/news/ben-stokes-asks-for-clarity-on-over-rate-penalties-we-would-like-more-communication-with-the-icc/articleshow/115990225.cms', 'Title': "Ben Stokes asks for clarity on over-rate penalties: 'We would like more communication with the ICC'"}
2024-12-05 12:08:35,329 - INFO - ====== 14 DATA INSERTED ====== {'URL': 'https://timesofindia.indiatimes.com/sports/cricket/india-in-australia/you-have-to-grab-rohit-sharmas-tips-for-fans-ahead-of-the-adelaide-test-match/articleshow/115989641.cms', 'Title': 'No Title'}
2024-12-05 12:08:35,349 - INFO - ====== 15 DATA INSERTED ====== {'URL': 'https://timesofindia.indiatimes.com/sports/cricket/news/jay-shah-has-the-opportunity-to-take-cricket-to-another-level-but-without-making-it-under-the-yoke-of-india-outgoing-icc-chair-greg-barclay/articleshow/115989792.cms', 'Title': 'No Title'}
2024-12-05 12:08:35,360 - INFO - ====== 16 DATA INSERTED ====== {'URL': 'https://timesofindia.indiatimes.com/sports/cricket/india-in-australia/pink-venom-can-d/n-test-break-trend-of-early-finishes/articleshow/115989690.cms', 'Title': 'No Title'}
2024-12-05 12:08:35,374 - INFO - ====== 17 DATA INSERTED ====== {'URL': 'https://timesofindia.indiatimes.com/sports/cricket/india-in-australia/will-rohit-sharma-open-or-not-sunil-gavaskar-on-indias-playing-xi-for-adelaide-test/articleshow/115988011.cms', 'Title': 'No Title'}
2024-12-05 12:08:35,390 - INFO - ====== 18 DATA INSERTED ====== {'URL': 'https://timesofindia.indiatimes.com/sports/cricket/news/prominent-indian-cricketers-who-are-not-on-talking-terms-with-ms-dhoni/articleshow/115980249.cms', 'Title': 'No Title'}
2024-12-05 12:08:35,399 - INFO - ====== 19 DATA INSERTED ====== {'URL': 'https://timesofindia.indiatimes.com/sports/cricket/india-in-australia/opening-or-middle-order-ravi-shastri-on-rohit-sharmas-batting-position-in-adelaide/articleshow/115979998.cms', 'Title': 'No Title'}
2024-12-05 12:08:35,414 - INFO - ====== 20 DATA INSERTED ====== {'URL': 'https://timesofindia.indiatimes.com/sports/cricket/news/dhruv-parashar-ethan-d-souza-farhan-khan-aryan-lakra-lead-12-uae-players-picked-by-ilt20-franchises/articleshow/115974287.cms', 'Title': 'No Title'}
2024-12-05 12:08:35,431 - INFO - ====== 21 DATA INSERTED ====== {'URL': 'https://timesofindia.indiatimes.com/sports/cricket/india-in-australia/nathan-lyon-predicts-mitchell-marsh-will-bowl-in-adelaide/articleshow/115973068.cms', 'Title': 'No Title'}
2024-12-05 12:08:35,440 - INFO - ====== 22 DATA INSERTED ====== {'URL': 'https://timesofindia.indiatimes.com/sports/cricket/news/ollie-pope-to-continue-as-wicketkeeper-as-england-name-unchanged-team-for-second-new-zealand-test/articleshow/115972899.cms', 'Title': 'No Title'}
2024-12-05 12:08:35,457 - INFO - ====== 23 DATA INSERTED ====== {'URL': 'https://timesofindia.indiatimes.com/sports/cricket/news/jofra-archers-ecb-deal-extended-to-2026-jacob-bethell-receives-contract-upgrade/articleshow/115971991.cms', 'Title': 'No Title'}
2024-12-05 12:08:35,469 - INFO - ====== 24 DATA INSERTED ====== {'URL': 'https://timesofindia.indiatimes.com/sports/football/indian-super-league/top-stories/manolos-goa-hand-hyderabad-third-consecutive-defeat/articleshow/115991786.cms', 'Title': 'No Title'}
2024-12-05 12:08:35,479 - INFO - ====== 25 DATA INSERTED ====== {'URL': 'https://timesofindia.indiatimes.com/sports/football/top-stories/kylian-mbappes-penalty-woes-contribute-to-real-madrids-defeat-against-athletic-bilbao/articleshow/115990087.cms', 'Title': "Kylian Mbappe's penalty woes contribute to Real Madrid's defeat against Athletic Bilbao"}
2024-12-05 12:08:35,492 - INFO - ====== 26 DATA INSERTED ====== {'URL': 'https://timesofindia.indiatimes.com/sports/football/epl/top-stories/liverpools-lead-cut-as-chelsea-and-arsenal-surge-in-premier-league/articleshow/115989645.cms', 'Title': "Liverpool's lead cut as Chelsea and Arsenal surge in Premier League"}
2024-12-05 12:08:35,505 - INFO - ====== 27 DATA INSERTED ====== {'URL': 'https://timesofindia.indiatimes.com/sports/football/epl/top-stories/leicester-city-win-in-van-nistelrooy-managerial-debut-crystal-palace-beat-ipswich-town/articleshow/115954433.cms', 'Title': "Leicester City win in Van Nistelrooy's managerial debut, Crystal Palace beat Ipswich Town"}
2024-12-05 12:08:35,519 - INFO - ====== 28 DATA INSERTED ====== {'URL': 'https://timesofindia.indiatimes.com/sports/football/top-stories/raphinha-powers-barcelonas-5-1-thrashing-of-mallorca/articleshow/115954101.cms', 'Title': "Raphinha powers Barcelona's 5-1 thrashing of Mallorca"}
2024-12-05 12:08:35,529 - INFO - ====== 29 DATA INSERTED ====== {'URL': 'https://timesofindia.indiatimes.com/sports/football/top-stories/al-sadd-clinches-asian-champions-league-playoffs-spot-after-beating-cristiano-ronaldo-less-al-nassr/articleshow/115926679.cms', 'Title': 'Al-Sadd clinches Asian Champions League playoffs spot after beating Cristiano Ronaldo-less Al-Nassr'}
2024-12-05 12:08:35,542 - INFO - ====== 30 DATA INSERTED ====== {'URL': 'https://timesofindia.indiatimes.com/sports/football/top-stories/lionel-messi-and-cristiano-ronaldo-make-the-world-xi-shortlist-despite-moving-away-from-european-football/articleshow/115919346.cms', 'Title': 'No Title'}
2024-12-05 12:08:35,559 - INFO - ====== 31 DATA INSERTED ====== {'URL': 'https://timesofindia.indiatimes.com/sports/football/top-stories/56-killed-in-stampede-due-to-clashes-at-soccer-match-in-guinea/articleshow/115903233.cms', 'Title': 'No Title'}
2024-12-05 12:08:35,569 - INFO - ====== 32 DATA INSERTED ====== {'URL': 'https://timesofindia.indiatimes.com/sports/football/top-stories/fiorentinas-edoardo-bove-collapses-on-field-stable-watch/articleshow/115885283.cms', 'Title': 'No Title'}
2024-12-05 12:08:35,579 - INFO - ====== 33 DATA INSERTED ====== {'URL': 'https://timesofindia.indiatimes.com/sports/football/top-stories/mass-carnage-clashes-at-a-football-match-in-guinea-leaves-dozens-dead/articleshow/115881922.cms', 'Title': 'No Title'}
2024-12-05 12:08:35,592 - INFO - ====== 34 DATA INSERTED ====== {'URL': 'https://timesofindia.indiatimes.com/sports/tennis/top-stories/neale-fraser-former-australia-davis-cup-captain-passes-away-at-91/articleshow/115923822.cms', 'Title': 'No Title'}
2024-12-05 12:08:35,604 - INFO - ====== 35 DATA INSERTED ====== {'URL': 'https://timesofindia.indiatimes.com/sports/tennis/top-stories/italy-to-host-davis-cup-final-8-from-2025/articleshow/115907972.cms', 'Title': 'Italy to host Davis Cup Final 8 from 2025'}
2024-12-05 12:08:35,610 - INFO - ====== 36 DATA INSERTED ====== {'URL': 'https://timesofindia.indiatimes.com/sports/tennis/top-stories/i-can-still-play-at-the-highest-level-says-novak-djokovic/articleshow/115865530.cms', 'Title': 'I can still play at the highest level, says Novak Djokovic'}
2024-12-05 12:08:35,629 - INFO - ====== 37 DATA INSERTED ====== {'URL': 'https://timesofindia.indiatimes.com/sports/tennis/top-stories/i-believe-i-belong-on-the-tour-sumit-nagal/articleshow/115830015.cms', 'Title': 'I believe I belong on the Tour: Sumit Nagal'}
2024-12-05 12:08:35,642 - INFO - ====== 38 DATA INSERTED ====== {'URL': 'https://timesofindia.indiatimes.com/sports/tennis/top-stories/the-injustice-to-me-was-painful-simona-halep-slams-itias-double-standards-after-iga-swiateks-one-month-ban/articleshow/115815329.cms', 'Title': "'The injustice to me was painful': Simona Halep slams ITIA's double standards after Iga Swiatek's one-month ban"}
2024-12-05 12:08:35,651 - INFO - ====== 39 DATA INSERTED ====== {'URL': 'https://timesofindia.indiatimes.com/sports/tennis/top-stories/explained-why-did-iga-swiatek-get-one-month-ban-for-doping-what-did-she-test-positive-for/articleshow/115799096.cms', 'Title': 'Explained: Why did Iga Swiatek get one-month ban for doping? What did she test positive for?'}
2024-12-05 12:08:35,663 - INFO - ====== 40 DATA INSERTED ====== {'URL': 'https://timesofindia.indiatimes.com/sports/tennis/top-stories/five-time-grand-slam-winner-iga-swiatek-handed-suspension-for-banned-substance/articleshow/115774890.cms', 'Title': 'No Title'}
2024-12-05 12:08:35,679 - INFO - ====== 41 DATA INSERTED ====== {'URL': 'https://timesofindia.indiatimes.com/sports/tennis/top-stories/jannik-sinner-sends-holders-italy-into-davis-cup-final/articleshow/115606686.cms', 'Title': 'No Title'}
2024-12-05 12:08:35,693 - INFO - ====== 42 DATA INSERTED ====== {'URL': 'https://timesofindia.indiatimes.com/sports/tennis/top-stories/novak-djokovic-announces-to-be-coached-by-andy-murray/articleshow/115606074.cms', 'Title': 'No Title'}
2024-12-05 12:08:35,707 - INFO - ====== 43 DATA INSERTED ====== {'URL': 'https://timesofindia.indiatimes.com/sports/tennis/top-stories/netherlands-storm-into-their-first-ever-davis-cup-final-after-defeating-germany/articleshow/115589810.cms', 'Title': 'No Title'}
2024-12-05 12:08:35,719 - INFO - ====== 44 DATA INSERTED ====== {'URL': 'No URL', 'Title': 'No Title'}
2024-12-05 12:08:35,729 - INFO - ====== 45 DATA INSERTED ====== {'URL': 'https://timesofindia.indiatimes.com/sports/tennis/top-stories/australia-edge-out-us-to-reach-davis-cup-semi-finals/articleshow/115536846.cms', 'Title': 'No Title'}
2024-12-05 12:08:35,742 - INFO - ====== 46 DATA INSERTED ====== {'URL': 'https://timesofindia.indiatimes.com/sports/tennis/top-stories/davis-cup-finals-germany-power-past-canada-to-reach-semifinals/articleshow/115511518.cms', 'Title': 'No Title'}
2024-12-05 12:08:35,754 - INFO - ====== 47 DATA INSERTED ====== {'URL': 'https://timesofindia.indiatimes.com/sports/badminton/pv-sindhu-to-get-married-everything-you-need-to-know-about-her-fianc-venkata-datta-sai/articleshow/115917049.cms', 'Title': 'No Title'}
2024-12-05 12:08:35,759 - INFO - ====== 48 DATA INSERTED ====== {'URL': 'https://timesofindia.indiatimes.com/sports/badminton/pv-sindhu-set-to-begin-a-new-chapter-with-december-22-wedding/articleshow/115907744.cms', 'Title': 'PV Sindhu set to begin a new chapter with wedding on December 22'}
2024-12-05 12:08:35,776 - INFO - ====== 49 DATA INSERTED ====== {'URL': 'https://timesofindia.indiatimes.com/sports/badminton/definitely-going-to-play-for-the-next-couple-of-years-pv-sindhu-confirms-her-future-plans/articleshow/115869801.cms', 'Title': "'Definitely going to play for the next couple of years': PV Sindhu confirms her future plans"}
2024-12-05 12:08:35,787 - INFO - ====== 50 DATA INSERTED ====== {'URL': 'https://timesofindia.indiatimes.com/sports/badminton/pv-sindhu-ends-title-drought-treesa-gayatri-pair-claims-maiden-super-300-crown-at-syed-modi-international/articleshow/115866694.cms', 'Title': 'PV Sindhu ends title drought; Treesa-Gayatri pair claims maiden Super 300 crown at Syed Modi International'}
2024-12-05 12:08:35,799 - INFO - ====== 51 DATA INSERTED ====== {'URL': 'https://timesofindia.indiatimes.com/sports/badminton/sub-junior-national-badminton-championships-2024-satvik-agrawal-bags-silver-medal-in-u-13-boys-singles/articleshow/115860005.cms', 'Title': 'Sub-Junior National Badminton Championships 2024: Satvik Agrawal bags silver medal in U-13 boys singles'}
2024-12-05 12:08:35,809 - INFO - ====== 52 DATA INSERTED ====== {'URL': 'https://timesofindia.indiatimes.com/sports/badminton/pv-sindhu-cruises-into-syed-modi-international-final/articleshow/115836780.cms', 'Title': 'PV Sindhu cruises into Syed Modi International final'}
2024-12-05 12:08:35,827 - INFO - ====== 53 DATA INSERTED ====== {'URL': 'https://timesofindia.indiatimes.com/sports/badminton/happy-to-be-back-in-lucknow-for-syed-modi-tournament-pv-sindhu/articleshow/115753455.cms', 'Title': 'No Title'}
2024-12-05 12:08:35,840 - INFO - ====== 54 DATA INSERTED ====== {'URL': 'https://timesofindia.indiatimes.com/sports/badminton/syed-modi-india-international-malvika-bansod-wins-singles-opening-round-ritika-thaker-loses-in-doubles/articleshow/115753275.cms', 'Title': 'No Title'}
2024-12-05 12:08:35,849 - INFO - ====== 55 DATA INSERTED ====== {'URL': 'https://timesofindia.indiatimes.com/sports/badminton/satwik-chirag-withdraw-from-syed-modi-international-tourney/articleshow/115721906.cms', 'Title': 'No Title'}
2024-12-05 12:08:35,865 - INFO - ====== 56 DATA INSERTED ====== {'URL': 'https://timesofindia.indiatimes.com/sports/badminton/match-point-couple-to-play-partners-in-badminton-court-too/articleshow/115687584.cms', 'Title': 'No Title'}
2024-12-05 12:08:35,879 - INFO - ====== 57 DATA INSERTED ====== {'URL': 'https://timesofindia.indiatimes.com/sports/badminton/china-masters-satwik-chirag-duo-loses-in-semifinals/articleshow/115614915.cms', 'Title': 'No Title'}
2024-12-05 12:08:35,893 - INFO - ====== 58 DATA INSERTED ====== {'URL': 'https://timesofindia.indiatimes.com/sports/badminton/china-masters-satwik-chirag-pair-makes-semis-lakshya-knocked-out/articleshow/115583742.cms', 'Title': 'No Title'}
2024-12-05 12:08:35,905 - INFO - ====== 59 DATA INSERTED ====== {'URL': 'https://timesofindia.indiatimes.com/sports/badminton/china-masters-lakshya-sen-satwik-chirag-in-quarters-sindhu-exits/articleshow/115546433.cms', 'Title': 'No Title'}
2024-12-05 12:08:35,909 - INFO - ====== 60 DATA INSERTED ====== {'URL': 'https://timesofindia.indiatimes.com/sports/badminton/nagpurs-malvika-bansod-stuns-world-no-21-to-take-korea-open-revenge-in-china-masters/articleshow/115519074.cms', 'Title': 'No Title'}
2024-12-05 12:08:35,929 - INFO - ====== 61 DATA INSERTED ====== {'URL': 'https://timesofindia.indiatimes.com/sports/badminton/lakshya-sen-avenges-olympic-loss-to-malaysias-zii-jia/articleshow/115516448.cms', 'Title': 'No Title'}
2024-12-05 12:08:35,941 - INFO - ====== 62 DATA INSERTED ====== {'URL': 'https://timesofindia.indiatimes.com/sports/badminton/lakshya-sen-pv-sindhu-win-opening-round-matches-in-china-masters/articleshow/115495950.cms', 'Title': 'No Title'}
2024-12-05 12:08:35,952 - INFO - ====== 63 DATA INSERTED ====== {'URL': 'https://timesofindia.indiatimes.com/sports/wwe/top-stories/becky-lynch-teases-wwe-return-after-appearing-at-netflix-hq-media-event/articleshow/115991716.cms', 'Title': 'No Title'}
2024-12-05 12:08:35,959 - INFO - ====== 64 DATA INSERTED ====== {'URL': 'https://timesofindia.indiatimes.com/sports/wwe/top-stories/the-comeback-king-triple-h-talks-drew-mcintyres-desire-to-return-to-wwe/articleshow/115985094.cms', 'Title': "The Comeback King? Triple H Talks Drew McIntyre's Desire to Return to WWE"}
2024-12-05 12:08:35,974 - INFO - ====== 65 DATA INSERTED ====== {'URL': 'https://timesofindia.indiatimes.com/sports/wwe/top-stories/the-ultimate-guide-to-wwe-superstar-fitness-from-dwayne-the-rock-johnson-to-big-e/articleshow/115983886.cms', 'Title': "The Ultimate Guide to WWE Superstar Fitness: From Dwayne 'The Rock' Johnson to Big E"}
2024-12-05 12:08:35,984 - INFO - ====== 66 DATA INSERTED ====== {'URL': 'https://timesofindia.indiatimes.com/sports/wwe/top-stories/roman-reigns-and-the-monster-trio-wwe-ready-for-a-possible-reformed-og-bloodline/articleshow/115976940.cms', 'Title': 'Roman Reigns and the Monster Trio: WWE Ready for a Possible REFORMED OG Bloodline?'}
2024-12-05 12:08:35,994 - INFO - ====== 67 DATA INSERTED ====== {'URL': 'https://timesofindia.indiatimes.com/sports/wwe/top-stories/kofi-kingston-opines-on-wwe-raw-betrayal/articleshow/115978294.cms', 'Title': 'Kofi Kingston Opines on WWE RAW Betrayal'}
2024-12-05 12:08:36,009 - INFO - ====== 68 DATA INSERTED ====== {'URL': 'https://timesofindia.indiatimes.com/sports/wwe/top-stories/who-is-sami-zayns-wife-exploring-the-personal-life-of-roman-reigns-team-member/articleshow/115974994.cms', 'Title': "Who is Sami Zayn's wife? Exploring the personal life of Roman Reigns' team member"}
2024-12-05 12:08:36,024 - INFO - ====== 69 DATA INSERTED ====== {'URL': 'https://timesofindia.indiatimes.com/sports/wwe/top-stories/wwe-legends-who-beat-cancer-from-roman-reigns-to-the-undertakers-wife-michelle-mccool/articleshow/115969022.cms', 'Title': 'No Title'}
2024-12-05 12:08:36,029 - INFO - ====== 70 DATA INSERTED ====== {'URL': 'https://timesofindia.indiatimes.com/sports/wwe/top-stories/goat-for-a-reason-5-reasons-why-roman-reigns-is-the-greatest-wwe-performers-of-all-time/articleshow/115965570.cms', 'Title': 'No Title'}
2024-12-05 12:08:36,049 - INFO - ====== 71 DATA INSERTED ====== {'URL': 'https://timesofindia.indiatimes.com/sports/wwe/top-stories/this-is-pure-cinema-at-its-finest-fans-burst-out-laughing-after-wwe-released-hilarious-unseen-cage-footage-of-roman-reigns-and-cm-punk/articleshow/115957594.cms', 'Title': 'No Title'}
2024-12-05 12:08:36,059 - INFO - ====== 72 DATA INSERTED ====== {'URL': 'https://timesofindia.indiatimes.com/sports/wwe/top-stories/fans-react-to-drew-mcintyres-return-to-wwe-monday-night-raw/articleshow/115947774.cms', 'Title': 'No Title'}
2024-12-05 12:08:36,074 - INFO - ====== 73 DATA INSERTED ====== {'URL': 'https://timesofindia.indiatimes.com/sports/wwe/top-stories/rhea-ripleys-cryptic-message-is-a-feud-brewing/articleshow/115946862.cms', 'Title': 'No Title'}
2024-12-05 12:08:36,087 - INFO - ====== 74 DATA INSERTED ====== {'URL': 'https://timesofindia.indiatimes.com/sports/wwe/top-stories/wwes-official-social-media-page-calls-out-new-days-kofi-kingston-and-xavier-woods-over-big-e-betrayal/articleshow/115945559.cms', 'Title': 'No Title'}
2024-12-05 12:08:36,099 - INFO - ====== 75 DATA INSERTED ====== {'URL': 'https://timesofindia.indiatimes.com/sports/wwe/top-stories/wwe-superstar-sheamus-injured-latest-update-and-return-timeline-after-survivor-series-2024/articleshow/115945261.cms', 'Title': 'No Title'}
2024-12-05 12:08:36,109 - INFO - ====== 76 DATA INSERTED ====== {'URL': 'https://timesofindia.indiatimes.com/sports/wwe/top-stories/wwes-most-memorable-entrance-themes-from-john-cena-to-stone-cold-steve-austin/articleshow/115936140.cms', 'Title': 'No Title'}
2024-12-05 12:08:36,124 - INFO - ====== 77 DATA INSERTED ====== {'URL': 'https://timesofindia.indiatimes.com/sports/wwe/top-stories/wwe-gives-subtle-cues-of-dominik-mysterios-removal-from-the-judgment-day/articleshow/115925445.cms', 'Title': 'No Title'}
2024-12-05 12:08:36,134 - INFO - ====== 78 DATA INSERTED ====== {'URL': 'https://timesofindia.indiatimes.com/sports/wwe/top-stories/roman-reigns-confirms-that-the-rock-will-return-only-under-a-particular-condition/articleshow/115923881.cms', 'Title': 'No Title'}
2024-12-05 12:08:36,141 - INFO - ====== 79 DATA INSERTED ====== {'URL': 'https://timesofindia.indiatimes.com/sports/nfl/news/nfl-game-tonight-what-to-expect-in-tonights-lions-vs-packers-game/articleshow/115994052.cms', 'Title': 'No Title'}
2024-12-05 12:08:36,159 - INFO - ====== 80 DATA INSERTED ====== {'URL': 'https://timesofindia.indiatimes.com/sports/nfl/news/jaguars-qb-trevor-lawrence-has-officially-been-placed-on-ir-following-a-violent-hit-by-texans-azeez-al-shaair/articleshow/115990143.cms', 'Title': "Jaguars' QB Trevor Lawrence has officially been placed on IR following a violent hit by Texans Azeez Al-Shaair"}
2024-12-05 12:08:36,169 - ERROR - insert_news() | 1064 (42000): You have an error in your SQL syntax; check the manual that corresponds to your MySQL server version for the right syntax to use near 'Chiefs are so dangerous": Tom Brady highlighted the key factor that makes the Ch' at line 1
2024-12-05 12:08:36,169 - INFO - ====== 81 DATA INSERTED ====== {}
2024-12-05 12:08:36,179 - INFO - ====== 82 DATA INSERTED ====== {'URL': 'https://timesofindia.indiatimes.com/sports/nfl/news/from-controversy-to-change-major-policy-change-looms-as-nfl-seemingly-moves-closer-to-marijuana-legalization-for-players/articleshow/115991032.cms', 'Title': 'From controversy to change: Major policy change looms as NFL seemingly moves closer to Marijuana legalization for players'}
2024-12-05 12:08:36,193 - INFO - ====== 83 DATA INSERTED ====== {'URL': 'https://timesofindia.indiatimes.com/sports/nfl/news/los-angeles-rams-quarterback-matthew-stafford-was-listed-as-a-full-practice-participant-on-wednesday/articleshow/115990258.cms', 'Title': 'Los Angeles Rams quarterback Matthew Stafford was listed as a full practice participant on Wednesday'}
2024-12-05 12:08:36,199 - INFO - ====== 84 DATA INSERTED ====== {'URL': 'https://timesofindia.indiatimes.com/sports/nfl/news/aaron-rodgers-believes-that-a-jets-ownership-should-hire-the-right-coach-and-general-manager-for-their-team/articleshow/115990023.cms', 'Title': "Aaron Rodgers believes that Jets' ownership should hire the right coach and general manager for their team"}
2024-12-05 12:08:36,209 - INFO - ====== 85 DATA INSERTED ====== {'URL': 'https://timesofindia.indiatimes.com/sports/nfl/news/nfl-hall-of-famer-joe-thomas-slams-the-nfl-for-allowing-quarterbacks-like-trevor-lawrence-to-use-fake-slides-to-exploit-defenders/articleshow/115983222.cms', 'Title': 'No Title'}
2024-12-05 12:08:36,224 - INFO - ====== 86 DATA INSERTED ====== {'URL': 'https://timesofindia.indiatimes.com/sports/nfl/news/tom-brady-opens-about-sean-paytons-approach-to-bo-nix-as-broncos-hc-avoids-over-coaching-the-qb/articleshow/115980278.cms', 'Title': 'No Title'}
2024-12-05 12:08:36,229 - INFO - ====== 87 DATA INSERTED ====== {'URL': 'https://timesofindia.indiatimes.com/sports/nfl/news/nfl-playoff-is-setbut-with-the-underdogs-closing-in-the-nfl-playoffs-could-look-totally-different-by-january/articleshow/115979318.cms', 'Title': 'No Title'}
2024-12-05 12:08:36,245 - INFO - ====== 88 DATA INSERTED ====== {'URL': 'https://timesofindia.indiatimes.com/sports/nfl/news/nfl-week-14-fantasy-sleepers-could-romeo-doubs-be-the-x-factor-for-green-bay/articleshow/115976128.cms', 'Title': 'No Title'}
2024-12-05 12:08:36,257 - INFO - ====== 89 DATA INSERTED ====== {'URL': 'https://timesofindia.indiatimes.com/sports/nfl/news/how-to-watch-packers-vs-lions-week-14-thursday-night-football-start-time-and-streaming-info/articleshow/115974929.cms', 'Title': 'No Title'}
2024-12-05 12:08:36,270 - INFO - ====== 90 DATA INSERTED ====== {'URL': 'https://timesofindia.indiatimes.com/sports/nfl/news/nfl-schedule-week-14-must-watch-games-with-playoff-implications/articleshow/115967240.cms', 'Title': 'No Title'}
2024-12-05 12:08:36,279 - INFO - ====== 91 DATA INSERTED ====== {'URL': 'https://timesofindia.indiatimes.com/sports/nfl/news/deion-sanders-and-ex-wife-keep-distance-during-senior-day-celebration-for-sons-shedeur-and-shilo/articleshow/115965303.cms', 'Title': 'No Title'}
2024-12-05 12:08:36,290 - INFO - ====== 92 DATA INSERTED ====== {'URL': 'https://timesofindia.indiatimes.com/sports/nfl/news/i-dont-like-that-tom-brady-expressed-disapproval-of-the-label-dirty-player-used-against-azeez-al-shaair/articleshow/115958588.cms', 'Title': 'No Title'}
2024-12-05 12:08:36,306 - INFO - ====== 93 DATA INSERTED ====== {'URL': 'https://timesofindia.indiatimes.com/sports/nfl/news/cowboys-owner-jerry-jones-openly-discussed-the-teams-poor-performance-in-the-2024-nfl-season-amid-rumors-about-mike-mccarthys-future/articleshow/115955589.cms', 'Title': 'No Title'}
2024-12-05 12:08:36,309 - INFO - ====== 94 DATA INSERTED ====== {'URL': 'https://timesofindia.indiatimes.com/sports/nfl/news/the-denver-broncos-has-waived-wide-receiver-josh-reynolds-who-has-been-on-injured-reserve-since-week-5/articleshow/115955566.cms', 'Title': 'No Title'}
2024-12-05 12:08:36,326 - INFO - ====== 95 DATA INSERTED ====== {'URL': 'https://timesofindia.indiatimes.com/sports/hockey/top-stories/hurts-that-our-paris-olympics-hockey-bronze-wasnt-celebrated-like-tokyo-hardik-singh/articleshow/115994690.cms', 'Title': 'No Title'}
2024-12-05 12:08:36,329 - INFO - ====== 96 DATA INSERTED ====== {'URL': 'https://timesofindia.indiatimes.com/sports/hockey/top-stories/india-beat-pakistan-to-clinch-third-successive-junior-hockey-asia-cup-title/articleshow/115980291.cms', 'Title': 'No Title'}
2024-12-05 12:08:36,340 - INFO - ====== 97 DATA INSERTED ====== {'URL': 'https://timesofindia.indiatimes.com/sports/hockey/top-stories/after-consecutive-olympic-medals-harmanpreet-singh-now-targetting-world-cup-glory/articleshow/115834247.cms', 'Title': 'No Title'}
2024-12-05 12:08:36,359 - INFO - ====== 98 DATA INSERTED ====== {'URL': 'https://timesofindia.indiatimes.com/sports/hockey/top-stories/everyone-was-in-negative-mindset-when-i-joined-harendra-singh/articleshow/115535692.cms', 'Title': 'No Title'}
2024-12-05 12:08:36,369 - INFO - ====== 99 DATA INSERTED ====== {'URL': 'https://timesofindia.indiatimes.com/sports/boxing/israel-vazquez-three-time-world-boxing-champion-dies-at-46/articleshow/115944998.cms', 'Title': 'No Title'}
2024-12-05 12:08:36,383 - INFO - ====== 100 DATA INSERTED ====== {'URL': 'https://timesofindia.indiatimes.com/sports/boxing/boxing-match-schedule-2024-2025-check-match-schedule-dates-boxing-match-live-streaming-details-results-and-other-information/articleshow/115727381.cms', 'Title': 'No Title'}
2024-12-05 12:08:36,391 - INFO - ====== 101 DATA INSERTED ====== {'URL': 'https://timesofindia.indiatimes.com/sports/boxing/netflix-to-record-biggest-weekly-gain-since-january-after-mike-tyson-vs-jake-paul-blockbuster-boxing-clash/articleshow/115583669.cms', 'Title': 'No Title'}
2024-12-05 12:08:36,412 - INFO - ====== 102 DATA INSERTED ====== {'URL': 'https://timesofindia.indiatimes.com/sports/boxing/being-in-the-ring-with-mike-tyson-ring-girl-sydney-thomas-says-its-a-once-in-a-lifetime-opportunity/articleshow/115458744.cms', 'Title': 'No Title'}
2024-12-05 12:08:36,425 - INFO - ====== 103 DATA INSERTED ====== {'URL': 'https://timesofindia.indiatimes.com/sports/golf/top-stories/nick-dunlap-stands-tall-among-the-giants/articleshow/115991699.cms', 'Title': 'No Title'}
2024-12-05 12:08:36,439 - INFO - ====== 104 DATA INSERTED ====== {'URL': 'https://timesofindia.indiatimes.com/sports/golf/top-stories/liv-international-coming-to-india-dechambeau-to-play/articleshow/115990065.cms', 'Title': 'No Title'}
2024-12-05 12:08:36,449 - INFO - ====== 105 DATA INSERTED ====== {'URL': 'https://timesofindia.indiatimes.com/sports/golf/top-stories/recovering-tiger-woods-ready-to-play-host/articleshow/115959581.cms', 'Title': 'No Title'}
2024-12-05 12:08:36,463 - INFO - ====== 106 DATA INSERTED ====== {'URL': 'https://timesofindia.indiatimes.com/sports/golf/top-stories/udayan-mane-om-prakash-set-the-pace-in-poona-club-golf-tournament/articleshow/114984320.cms', 'Title': 'No Title'}
2024-12-05 12:08:36,479 - INFO - ====== 107 DATA INSERTED ====== {'URL': 'https://timesofindia.indiatimes.com/sports/cricket/news/prominent-indian-cricketers-who-are-not-on-talking-terms-with-ms-dhoni/articleshow/115980249.cms', 'Title': 'No Title'}
2024-12-05 12:08:36,492 - INFO - ====== 108 DATA INSERTED ====== {'URL': 'https://timesofindia.indiatimes.com/sports/off-the-field/sara-tendulkar-joins-sachin-tendulkar-foundation-as-director/articleshow/115980145.cms', 'Title': 'Sara Tendulkar joins Sachin Tendulkar Foundation as Director, legendary batter shares on social media'}
2024-12-05 12:08:36,503 - INFO - ====== 109 DATA INSERTED ====== {'URL': 'https://timesofindia.indiatimes.com/sports/cricket/news/13-year-old-vaibhav-suryavanshi-stars-as-india-march-into-u-19-asia-cup-semifinals/articleshow/115974480.cms', 'Title': 'Vaibhav Suryavanshi, 13 years old, stars as India march into U-19 Asia Cup semifinals with 10-wicket win over UAE'}
2024-12-05 12:08:36,519 - INFO - ====== 110 DATA INSERTED ====== {'URL': 'https://timesofindia.indiatimes.com/sports/cricket/sachin-tendulkar-reunites-with-childhood-friend-vinod-kambli-in-viral-video-watch/articleshow/115944728.cms', 'Title': 'Sachin Tendulkar reunites with childhood friend Vinod Kambli, watch viral video'}
2024-12-05 12:08:36,533 - INFO - ====== 111 DATA INSERTED ====== {'URL': 'https://timesofindia.indiatimes.com/sports/nba/top-stories/detroit-pistons-vs-boston-celtics-predictions-injury-reports-roster-review-leading-players-how-to-watch-and-more/articleshow/115983977.cms', 'Title': 'Detroit Pistons vs Boston Celtics: Predictions, injury reports, roster review, leading players, how to watch, and more'}
2024-12-05 12:08:36,540 - INFO - ====== 112 DATA INSERTED ====== {'URL': 'https://timesofindia.indiatimes.com/sports/cricket/india-in-australia/advantage-india-as-australia-play-a-wrong-card-ahead-of-adelaide-test/articleshow/115915500.cms', 'Title': "Advantage India as Australia play a 'wrong card' ahead of Adelaide Test"}
2024-12-05 12:08:36,559 - INFO - ====== 113 DATA INSERTED ====== {'URL': 'https://timesofindia.indiatimes.com/sports/nba/top-stories/philadelphia-76ers-vs-orlando-magic-predictions-injury-reports-roster-review-leading-players-how-to-watch-and-more/articleshow/115983291.cms', 'Title': 'No Title'}
2024-12-05 12:08:36,569 - INFO - ====== 114 DATA INSERTED ====== {'URL': 'https://timesofindia.indiatimes.com/sports/nfl/news/stefon-diggs-criticized-for-josh-allen-remark-after-bills-afc-east-victory/articleshow/115906829.cms', 'Title': 'No Title'}
2024-12-05 12:08:36,579 - INFO - ====== 115 DATA INSERTED ====== {'URL': 'https://timesofindia.indiatimes.com/sports/cricket/news/another-clash-with-zimbabwe-another-record-broken-in-pakistans-cricket-history/articleshow/115954488.cms', 'Title': 'No Title'}
2024-12-05 12:08:36,590 - INFO - ====== 116 DATA INSERTED ====== {'URL': 'https://timesofindia.indiatimes.com/sports/nba/top-stories/the-currys-celebrate-growing-family-with-baby-no-10-on-the-way-sonya-curry-reflects-on-parenthood-and-grandparenting-in-heartwarming-new-episode/articleshow/115938429.cms', 'Title': 'No Title'}
2024-12-05 12:08:36,603 - INFO - ====== 117 DATA INSERTED ====== {'URL': 'https://timesofindia.indiatimes.com/sports/cricket/news/india-u19-keeper-harvansh-pangalia-pulls-off-ms-dhoni-like-no-look-throw-attempt-goes-viral-watch/articleshow/115972176.cms', 'Title': 'No Title'}
2024-12-05 12:08:36,619 - INFO - ====== 118 DATA INSERTED ====== {'URL': 'https://timesofindia.indiatimes.com/sports/cricket/india-in-australia/opening-or-middle-order-ravi-shastri-on-rohit-sharmas-batting-position-in-adelaide/articleshow/115979998.cms', 'Title': 'No Title'}
2024-12-05 12:08:36,629 - INFO - ====== 119 DATA INSERTED ====== {'URL': 'https://timesofindia.indiatimes.com/sports/cricket/india-in-australia/virat-kohlis-record-breaking-love-affair-with-adelaide-oval/articleshow/115976685.cms', 'Title': 'No Title'}
2024-12-05 12:08:36,639 - INFO - ====== 120 DATA INSERTED ====== {'URL': 'https://timesofindia.indiatimes.com/sports/cricket/news/i-dont-speak-to-ms-dhoni-says-harbhajan-singh/articleshow/115954902.cms', 'Title': 'No Title'}
2024-12-05 12:08:36,651 - INFO - ====== 121 DATA INSERTED ====== {'URL': 'https://timesofindia.indiatimes.com/sports/cricket/news/bcci-objects-to-pakistans-demand-champions-trophy-deadlock-continues-report/articleshow/115964264.cms', 'Title': 'No Title'}
2024-12-05 12:08:36,669 - INFO - ====== 122 DATA INSERTED ====== {'URL': 'https://timesofindia.indiatimes.com/sports/cricket/india-in-australia/india-vs-australia-2nd-test-match-start-date-time-venue-and-other-key-details/articleshow/115977482.cms', 'Title': 'No Title'}
2024-12-05 12:08:36,680 - INFO - ====== 123 DATA INSERTED ====== {'URL': 'https://timesofindia.indiatimes.com/sports/cricket/web-stories/2nd-test-india-beat-bangladesh-by-seven-wickets-to-sweep-series/photostory/113845001.cms', 'Title': 'No Title'}
2024-12-05 12:08:36,696 - INFO - ====== 124 DATA INSERTED ====== {'URL': 'https://timesofindia.indiatimes.com/sports/cricket/web-stories/2nd-test-day-4-india-push-for-victory-with-t20-style-batting/photostory/113821843.cms', 'Title': 'No Title'}
2024-12-05 12:08:36,707 - INFO - ====== 125 DATA INSERTED ====== {'URL': 'https://timesofindia.indiatimes.com/sports/cricket/web-stories/2nd-test-day-1-bangladesh-107/3-vs-india-on-rain-shortened-opening-day/photostory/113740633.cms', 'Title': 'No Title'}
2024-12-05 12:08:36,720 - INFO - ====== 126 DATA INSERTED ====== {'URL': 'https://timesofindia.indiatimes.com/sports/web-stories/ashwin-shines-as-india-hammer-bangladesh-in-chennai-test/photostory/113567616.cms', 'Title': 'No Title'}
2024-12-05 12:08:36,729 - INFO - ====== 127 DATA INSERTED ====== {'URL': 'https://timesofindia.indiatimes.com/sports/cricket/web-stories/1st-test-day-3-india-hold-upper-hand-despite-spirited-bangladesh-chase/photostory/113552286.cms', 'Title': 'No Title'}
2024-12-05 12:08:36,739 - INFO - ====== 128 DATA INSERTED ====== {'URL': 'https://timesofindia.indiatimes.com/sports/cricket/web-stories/1st-test-india-in-box-seat-after-bumrah-takes-four-for-vs-bangladesh-on-day-2/photostory/113528101.cms', 'Title': 'No Title'}
2024-12-05 12:08:36,761 - INFO - ====== 129 DATA INSERTED ====== {'URL': 'https://timesofindia.indiatimes.com/sports/cricket/web-stories/1st-test-day-1-ashwin-jadeja-dig-india-out-of-trouble-vs-bangladesh/photostory/113498118.cms', 'Title': 'No Title'}
2024-12-05 12:08:36,771 - INFO - ====== 130 DATA INSERTED ====== {'URL': 'https://timesofindia.indiatimes.com/sports/paris-paralympics/france-waves-farewell-to-paralympics-with-spectacular-ceremony/photostory/113173902.cms', 'Title': 'No Title'}
2024-12-05 12:08:36,779 - INFO - ====== 131 DATA INSERTED ====== {'URL': 'https://timesofindia.indiatimes.com/sports/paris-paralympics/paris-paralympics-navdeeps-gold-simrans-bronze-take-indias-medal-tally-to-29/photostory/113157110.cms', 'Title': 'No Title'}
2024-12-05 12:08:36,791 - INFO - ====== 132 DATA INSERTED ====== {'URL': 'https://timesofindia.indiatimes.com/sports/web-stories/paris-paralympics-indias-flag-bearers-for-closing-ceremony/photostory/113145057.cms', 'Title': 'No Title'}
2024-12-05 12:08:36,799 - INFO - ====== 133 DATA INSERTED ====== {'URL': 'https://timesofindia.indiatimes.com/sports/web-stories/paris-paralympics-5-reasons-india-secured-its-best-ever-medal-tally/photostory/113144194.cms', 'Title': 'No Title'}
2024-12-05 12:08:36,812 - INFO - ====== 134 DATA INSERTED ====== {'URL': 'https://timesofindia.indiatimes.com/sports/web-stories/paris-paralympics-praveen-kumar-takes-indias-gold-tally-to-6-on-day-9/photostory/113137002.cms', 'Title': 'No Title'}
2024-12-05 12:08:36,823 - INFO - ====== 135 DATA INSERTED ====== {'URL': 'https://timesofindia.indiatimes.com/sports/cricket/india-in-australia/play-your-best-spinner-wasim-jaffers-advice-to-team-india-ahead-of-pink-ball-adelaide-test/articleshow/115995329.cms', 'Title': 'No Title'}
2024-12-05 12:08:36,839 - INFO - ====== 136 DATA INSERTED ====== {'URL': 'https://timesofindia.indiatimes.com/sports/nfl/news/nfl-game-tonight-what-to-expect-in-tonights-lions-vs-packers-game/articleshow/115994052.cms', 'Title': 'No Title'}
2024-12-05 12:08:36,849 - INFO - ====== 137 DATA INSERTED ====== {'URL': 'https://timesofindia.indiatimes.com/sports/nfl/news/jaguars-qb-trevor-lawrence-has-officially-been-placed-on-ir-following-a-violent-hit-by-texans-azeez-al-shaair/articleshow/115990143.cms', 'Title': 'No Title'}
2024-12-05 12:08:36,863 - INFO - ====== 138 DATA INSERTED ====== {'URL': 'https://timesofindia.indiatimes.com/sports/cricket/news/baroda-make-history-smash-the-highest-ever-total-in-t20-cricket/articleshow/115993573.cms', 'Title': 'No Title'}
2024-12-05 12:08:36,879 - INFO - ====== 139 DATA INSERTED ====== {'URL': 'https://timesofindia.indiatimes.com/sports/cricket/news/bccis-hunt-for-jay-shahs-successor-hits-roadblock/articleshow/115993566.cms', 'Title': 'No Title'}
2024-12-05 12:08:36,891 - INFO - ====== 140 DATA INSERTED ====== {'URL': 'https://timesofindia.indiatimes.com/sports/cricket/india-in-australia/yashasvi-jaiswalyou-are-a-legend-but-yashasvi-jaiswal-strikes-again-targets-another-australian-bowling-icon/articleshow/115991130.cms', 'Title': 'No Title'}
2024-12-05 12:08:36,903 - INFO - ====== 141 DATA INSERTED ====== {'URL': 'https://timesofindia.indiatimes.com/sports/chess/fide-world-championship-human-errors-rule-game-8-as-ding-gukesh-seem-oblivious-of-pitfalls-settle-for-draw/articleshow/115991868.cms', 'Title': 'No Title'}
2024-12-05 12:08:36,911 - INFO - ====== 142 DATA INSERTED ====== {'URL': 'https://timesofindia.indiatimes.com/sports/wwe/top-stories/becky-lynch-teases-wwe-return-after-appearing-at-netflix-hq-media-event/articleshow/115991716.cms', 'Title': 'No Title'}
2024-12-05 12:08:36,927 - INFO - ====== 143 DATA INSERTED ====== {'URL': 'https://timesofindia.indiatimes.com/sports/football/indian-super-league/top-stories/manolos-goa-hand-hyderabad-third-consecutive-defeat/articleshow/115991786.cms', 'Title': 'No Title'}
2024-12-05 12:08:36,940 - INFO - ====== 144 DATA INSERTED ====== {'URL': 'https://timesofindia.indiatimes.com/sports/wwe/top-stories/liv-morgan-refused-to-acknowledge-rhea-ripleys-10x-claim-calling-it-false-on-x/articleshow/115993188.cms', 'Title': 'Liv Morgan'}
2024-12-05 12:08:36,949 - INFO - ====== 145 DATA INSERTED ====== {'URL': 'https://timesofindia.indiatimes.com/sports/nfl/news/chiefs-are-so-dangerous-tom-brady-highlighted-the-key-factor-that-makes-the-chiefs-the-most-formidable-contenders-for-the-super-bowl/articleshow/115990185.cms', 'Title': 'Tom Brady'}
2024-12-05 12:08:36,960 - INFO - ====== 146 DATA INSERTED ====== {'URL': 'https://timesofindia.indiatimes.com/sports/nfl/news/i-think-it-is-ridiculous-aaron-rodgers-does-not-think-he-needs-to-prove-his-value-to-jets-in-remaining-five-games-calls-it-an-absurd-notion/articleshow/115989801.cms', 'Title': 'Aaron Rodgers'}
2024-12-05 12:08:36,968 - INFO - ====== 147 DATA INSERTED ====== {'URL': 'https://timesofindia.indiatimes.com/sports/nba/top-stories/stephen-currys-wife-ayesha-curry-reveals-45-billion-company-helped-improve-her-wine-business-domaine-curry-we-finally-had-a-voice-and-we-had-legs-to-stand-on/articleshow/115984088.cms', 'Title': 'Ayesha Curry'}
2024-12-05 12:08:36,969 - INFO - ====== 148 DATA INSERTED ====== {'URL': 'https://timesofindia.indiatimes.com/sports/nba/top-stories/andrew-wiggins-girlfriend-mychal-johnson-hilariously-teases-post-pregnancy-plans-on-instagram-pov-me-next-summer/articleshow/115985107.cms', 'Title': 'Andrew Wiggins'}
2024-12-05 12:08:36,982 - INFO - ====== 149 DATA INSERTED ====== {'URL': 'https://timesofindia.indiatimes.com/sports/wwe/top-stories/wrestlemania-without-the-rock-wwe-faces-growing-uncertainty-ahead-of-the-biggest-event/articleshow/115990131.cms', 'Title': 'The Rock'}
2024-12-05 12:08:36,990 - INFO - ====== 150 DATA INSERTED ====== {'URL': 'https://timesofindia.indiatimes.com/sports/nfl/news/from-controversy-to-change-major-policy-change-looms-as-nfl-seemingly-moves-closer-to-marijuana-legalization-for-players/articleshow/115991032.cms', 'Title': 'Marijuana Legalization'}
2024-12-05 12:08:36,999 - INFO - ====== 151 DATA INSERTED ====== {'URL': 'https://timesofindia.indiatimes.com/sports/nba/top-stories/detroit-pistons-vs-boston-celtics-predictions-injury-reports-roster-review-leading-players-how-to-watch-and-more/articleshow/115983977.cms', 'Title': 'Detroit Pistons Vs Boston Celtics'}
2024-12-05 12:08:37,009 - INFO - ====== 152 DATA INSERTED ====== {'URL': 'https://timesofindia.indiatimes.com/sports/nfl/news/los-angeles-rams-quarterback-matthew-stafford-was-listed-as-a-full-practice-participant-on-wednesday/articleshow/115990258.cms', 'Title': 'Matthew Stafford'}
2024-12-05 12:08:37,019 - INFO - ====== 153 DATA INSERTED ====== {'URL': 'https://timesofindia.indiatimes.com/sports/nfl/news/patrick-mahomes-matches-tom-bradys-nfl-milestone-showcasing-his-greatness-on-the-field/articleshow/115989067.cms', 'Title': 'Patrick Mahomes'}
2024-12-05 12:08:37,029 - INFO - ====== 154 DATA INSERTED ====== {'URL': 'https://timesofindia.indiatimes.com/sports/wwe/top-stories/the-comeback-king-triple-h-talks-drew-mcintyres-desire-to-return-to-wwe/articleshow/115985094.cms', 'Title': 'Triple H'}
2024-12-05 12:08:37,039 - INFO - ====== 155 DATA INSERTED ====== {'URL': 'https://timesofindia.indiatimes.com/sports/wwe/top-stories/roman-reigns-and-the-monster-trio-wwe-ready-for-a-possible-reformed-og-bloodline/articleshow/115976940.cms', 'Title': 'Roman Reigns'}
2024-12-05 12:08:37,049 - INFO - ====== 156 DATA INSERTED ====== {'URL': 'https://timesofindia.indiatimes.com/sports/nfl/news/taylor-swift-effect-drives-record-viewership-for-chiefs-raiders-black-friday-nfl-matchup/articleshow/115988897.cms', 'Title': 'Taylor Swift'}
